#
# A fatal error has been detected by the Java Runtime Environment:
#
#  EXCEPTION_ACCESS_VIOLATION (0xc0000005) at pc=0x0000000058c0eda1, pid=9480, tid=0x00000000000026e0
#
# JRE version: Java(TM) SE Runtime Environment (8.0_151-b12) (build 1.8.0_151-b12)
# Java VM: Java HotSpot(TM) 64-Bit Server VM (25.151-b12 mixed mode windows-amd64 compressed oops)
# Problematic frame:
# C  0x0000000058c0eda1
#
# Failed to write core dump. Minidumps are not enabled by default on client versions of Windows
#
# If you would like to submit a bug report, please visit:
#   http://bugreport.java.com/bugreport/crash.jsp
# The crash happened outside the Java Virtual Machine in native code.
# See problematic frame for where to report the bug.
#

---------------  T H R E A D  ---------------

Current thread (0x0000000016b56000):  JavaThread "JavaFX Application Thread" [_thread_in_native, id=9952, stack(0x000000001dd90000,0x000000001de90000)]

siginfo: ExceptionCode=0xc0000005, reading address 0x00000000000000a0

Registers:
RAX=0x0000d252a01957aa, RBX=0x000000001de8c510, RCX=0x0000000000000000, RDX=0x000000001de8c510
RSP=0x000000001de8c480, RBP=0x000000001de8caf0, RSI=0x000000002b636240, RDI=0x000000002b8b6a10
R8 =0x00000000009d9a80, R9 =0x0000000000000001, R10=0x0000000000008000, R11=0x000000001de8c450
R12=0x000000001de8c6f0, R13=0x0000000000000000, R14=0x000000001de8c870, R15=0x000000001de8c6f0
RIP=0x0000000058c0eda1, EFLAGS=0x0000000000010202

Top of Stack: (sp=0x000000001de8c480)
0x000000001de8c480:   000000001de8c6f0 0000000000d80000
0x000000001de8c490:   000000002b636240 0000000000000000
0x000000001de8c4a0:   0000000000000000 000000001de8c6f0
0x000000001de8c4b0:   0000000000000000 00007fff1ac9f87b
0x000000001de8c4c0:   000000001de8c6f0 000000001de8c870
0x000000001de8c4d0:   00000000ffffffff 000000001de8c6f0
0x000000001de8c4e0:   000000002b8b6a10 0000000058db5347
0x000000001de8c4f0:   000000001de8c590 000000001de8caf0
0x000000001de8c500:   000000002b636240 00000000c9219aa0
0x000000001de8c510:   0000000000000000 0000000000000000
0x000000001de8c520:   00000000180d98f0 0000d252a01957aa
0x000000001de8c530:   000000002b8b6a10 0000000058db33d0
0x000000001de8c540:   000000002aa8b0c0 000000001de8c590
0x000000001de8c550:   000000001de8caf0 000000002b636240
0x000000001de8c560:   000000002b6f8a40 0000000058895117
0x000000001de8c570:   000000002b8b6a10 000000001de8d2d8 

Instructions: (pc=0x0000000058c0eda1)
0x0000000058c0ed81:   54 41 55 41 56 41 57 48 83 ec 40 48 c7 02 00 00
0x0000000058c0ed91:   00 00 48 8b da 48 c7 42 08 00 00 00 00 4c 8b e9
0x0000000058c0eda1:   48 8b 91 a0 00 00 00 44 8b a1 ac 00 00 00 49 c1
0x0000000058c0edb1:   e4 04 4c 03 e2 49 3b d4 0f 84 ca 00 00 00 90 4c 


Register to memory mapping:

RAX=0x0000d252a01957aa is an unknown value
RBX=0x000000001de8c510 is pointing into the stack for thread: 0x0000000016b56000
RCX=0x0000000000000000 is an unknown value
RDX=0x000000001de8c510 is pointing into the stack for thread: 0x0000000016b56000
RSP=0x000000001de8c480 is pointing into the stack for thread: 0x0000000016b56000
RBP=0x000000001de8caf0 is pointing into the stack for thread: 0x0000000016b56000
RSI=0x000000002b636240 is an unknown value
RDI=0x000000002b8b6a10 is an unknown value
R8 =0x00000000009d9a80 is an unknown value
R9 =0x0000000000000001 is an unknown value
R10=0x0000000000008000 is an unknown value
R11=0x000000001de8c450 is pointing into the stack for thread: 0x0000000016b56000
R12=0x000000001de8c6f0 is pointing into the stack for thread: 0x0000000016b56000
R13=0x0000000000000000 is an unknown value
R14=0x000000001de8c870 is pointing into the stack for thread: 0x0000000016b56000
R15=0x000000001de8c6f0 is pointing into the stack for thread: 0x0000000016b56000


Stack: [0x000000001dd90000,0x000000001de90000],  sp=0x000000001de8c480,  free space=1009k
Native frames: (J=compiled Java code, j=interpreted, Vv=VM code, C=native code)
C  0x0000000058c0eda1
C  0x0000000058db5347
C  0x0000000058db33d0
C  0x0000000058895117
C  0x0000000058db549b
C  0x000000005888c689
C  0x0000000058b44b42
C  0x0000000058b40827
C  0x0000000058b4479c
C  0x0000000058f400bc
C  0x0000000002ff2ca2

Java frames: (J=compiled Java code, j=interpreted, Vv=VM code)
J 4092  com.sun.webkit.WebPage.twkProcessMouseEvent(JIIIIIIIZZZZZD)Z (0 bytes) @ 0x0000000002ff2c24 [0x0000000002ff2b80+0xa4]
J 10419 C2 com.sun.javafx.event.EventHandlerManager.dispatchBubblingEvent(Ljavafx/event/Event;)Ljavafx/event/Event; (23 bytes) @ 0x0000000004434bc0 [0x00000000044330a0+0x1b20]
J 7795 C2 com.sun.javafx.event.CompositeEventDispatcher.dispatchBubblingEvent(Ljavafx/event/Event;)Ljavafx/event/Event; (35 bytes) @ 0x0000000004076f40 [0x0000000004076ee0+0x60]
J 5757 C2 com.sun.javafx.event.BasicEventDispatcher.dispatchEvent(Ljavafx/event/Event;Ljavafx/event/EventDispatchChain;)Ljavafx/event/Event; (44 bytes) @ 0x000000000332fc88 [0x000000000332fb60+0x128]
J 5757 C2 com.sun.javafx.event.BasicEventDispatcher.dispatchEvent(Ljavafx/event/Event;Ljavafx/event/EventDispatchChain;)Ljavafx/event/Event; (44 bytes) @ 0x000000000332fc44 [0x000000000332fb60+0xe4]
J 5757 C2 com.sun.javafx.event.BasicEventDispatcher.dispatchEvent(Ljavafx/event/Event;Ljavafx/event/EventDispatchChain;)Ljavafx/event/Event; (44 bytes) @ 0x000000000332fc44 [0x000000000332fb60+0xe4]
J 9137 C2 com.sun.javafx.event.EventUtil.fireEvent(Ljavafx/event/EventTarget;Ljavafx/event/Event;)Ljavafx/event/Event; (81 bytes) @ 0x00000000043c4368 [0x00000000043c3c20+0x748]
J 9888 C2 javafx.scene.Scene$MouseHandler.process(Ljavafx/scene/input/MouseEvent;Z)V (735 bytes) @ 0x00000000045932dc [0x0000000004592b40+0x79c]
J 8028 C2 com.sun.javafx.tk.quantum.EmbeddedScene$$Lambda$238.run()Ljava/lang/Object; (68 bytes) @ 0x000000000405a1cc [0x0000000004059d80+0x44c]
v  ~StubRoutines::call_stub
J 390  java.security.AccessController.doPrivileged(Ljava/security/PrivilegedAction;Ljava/security/AccessControlContext;)Ljava/lang/Object; (0 bytes) @ 0x0000000002e29866 [0x0000000002e29800+0x66]
J 8023 C2 com.sun.javafx.tk.quantum.EmbeddedScene$$Lambda$212.run()V (68 bytes) @ 0x0000000002dae6c0 [0x0000000002dae4e0+0x1e0]
J 5319 C2 com.sun.javafx.application.PlatformImpl$$Lambda$83.run()Ljava/lang/Object; (8 bytes) @ 0x0000000003a1cb04 [0x0000000003a1cac0+0x44]
v  ~StubRoutines::call_stub
J 390  java.security.AccessController.doPrivileged(Ljava/security/PrivilegedAction;Ljava/security/AccessControlContext;)Ljava/lang/Object; (0 bytes) @ 0x0000000002e29866 [0x0000000002e29800+0x66]
J 5477 C2 com.sun.javafx.application.PlatformImpl$$Lambda$82.run()V (12 bytes) @ 0x0000000003b3339c [0x0000000003b33300+0x9c]
J 5167 C2 com.sun.glass.ui.InvokeLaterDispatcher$Future.run()V (91 bytes) @ 0x0000000003a3f848 [0x0000000003a3f800+0x48]
v  ~StubRoutines::call_stub
j  com.sun.glass.ui.win.WinApplication._runLoop(Ljava/lang/Runnable;)V+0
j  com.sun.glass.ui.win.WinApplication.lambda$null$147(ILjava/lang/Runnable;)V+8
j  com.sun.glass.ui.win.WinApplication$$Lambda$59.run()V+12
j  java.lang.Thread.run()V+11
v  ~StubRoutines::call_stub

---------------  P R O C E S S  ---------------

Java Threads: ( => current thread )
  0x00000000213e9000 JavaThread "Keep-Alive-Timer" daemon [_thread_blocked, id=1224, stack(0x00000000264c0000,0x00000000265c0000)]
  0x00000000213ed800 JavaThread "URL-Loader-1066" daemon [_thread_blocked, id=9472, stack(0x0000000030f50000,0x0000000031050000)]
  0x00000000213e1800 JavaThread "URL-Loader-1065" daemon [_thread_blocked, id=8504, stack(0x0000000030e50000,0x0000000030f50000)]
  0x00000000213e8800 JavaThread "URL-Loader-1064" daemon [_thread_blocked, id=1676, stack(0x0000000030d50000,0x0000000030e50000)]
  0x00000000213e2800 JavaThread "URL-Loader-1063" daemon [_thread_blocked, id=5684, stack(0x0000000028250000,0x0000000028350000)]
  0x00000000213e1000 JavaThread "URL-Loader-1062" daemon [_thread_blocked, id=10024, stack(0x0000000028150000,0x0000000028250000)]
  0x00000000213e7000 JavaThread "URL-Loader-1061" daemon [_thread_blocked, id=6388, stack(0x0000000028050000,0x0000000028150000)]
  0x00000000213e7800 JavaThread "URL-Loader-1060" daemon [_thread_blocked, id=4804, stack(0x00000000271e0000,0x00000000272e0000)]
  0x00000000213e6000 JavaThread "URL-Loader-1059" daemon [_thread_blocked, id=6904, stack(0x0000000026a30000,0x0000000026b30000)]
  0x00000000217a6000 JavaThread "URL-Loader-1058" daemon [_thread_blocked, id=8364, stack(0x000000002fbe0000,0x000000002fce0000)]
  0x00000000217a5800 JavaThread "URL-Loader-1057" daemon [_thread_blocked, id=4504, stack(0x000000002fae0000,0x000000002fbe0000)]
  0x00000000217a7000 JavaThread "URL-Loader-1056" daemon [_thread_blocked, id=1316, stack(0x000000002f9e0000,0x000000002fae0000)]
  0x00000000217ab800 JavaThread "URL-Loader-1055" daemon [_thread_blocked, id=7316, stack(0x000000002f8e0000,0x000000002f9e0000)]
  0x00000000217aa000 JavaThread "URL-Loader-1054" daemon [_thread_blocked, id=2772, stack(0x000000002f7e0000,0x000000002f8e0000)]
  0x00000000217aa800 JavaThread "URL-Loader-1053" daemon [_thread_blocked, id=8516, stack(0x000000002f360000,0x000000002f460000)]
  0x00000000217a9000 JavaThread "URL-Loader-1052" daemon [_thread_blocked, id=3696, stack(0x000000002f260000,0x000000002f360000)]
  0x00000000217a8800 JavaThread "URL-Loader-1051" daemon [_thread_blocked, id=7220, stack(0x000000002f160000,0x000000002f260000)]
  0x00000000217a7800 JavaThread "URL-Loader-1050" daemon [_thread_blocked, id=5708, stack(0x000000002f060000,0x000000002f160000)]
  0x000000002179e000 JavaThread "URL-Loader-1049" daemon [_thread_blocked, id=9400, stack(0x000000002ef60000,0x000000002f060000)]
  0x00000000217a4800 JavaThread "URL-Loader-1048" daemon [_thread_blocked, id=3536, stack(0x0000000026830000,0x0000000026930000)]
  0x000000002179c800 JavaThread "URL-Loader-1047" daemon [_thread_blocked, id=6620, stack(0x0000000020e00000,0x0000000020f00000)]
  0x00000000213e3000 JavaThread "SwingWorker-pool-4-thread-10" daemon [_thread_blocked, id=9524, stack(0x00000000259e0000,0x0000000025ae0000)]
  0x00000000213ed000 JavaThread "SwingWorker-pool-4-thread-9" daemon [_thread_blocked, id=1640, stack(0x0000000025c50000,0x0000000025d50000)]
  0x000000002179d000 JavaThread "SwingWorker-pool-4-thread-8" daemon [_thread_blocked, id=6012, stack(0x0000000024dd0000,0x0000000024ed0000)]
  0x00000000217a3000 JavaThread "SwingWorker-pool-4-thread-7" daemon [_thread_blocked, id=6032, stack(0x0000000024cd0000,0x0000000024dd0000)]
  0x000000002179e800 JavaThread "SwingWorker-pool-4-thread-6" daemon [_thread_blocked, id=480, stack(0x000000002f5f0000,0x000000002f6f0000)]
  0x000000002179f800 JavaThread "SwingWorker-pool-4-thread-5" daemon [_thread_blocked, id=9884, stack(0x000000002f4f0000,0x000000002f5f0000)]
  0x00000000217a1800 JavaThread "SwingWorker-pool-4-thread-4" daemon [_thread_blocked, id=2968, stack(0x000000001e860000,0x000000001e960000)]
  0x00000000217a0000 JavaThread "SwingWorker-pool-4-thread-3" daemon [_thread_blocked, id=4448, stack(0x000000001e040000,0x000000001e140000)]
  0x00000000213e5800 JavaThread "SwingWorker-pool-4-thread-2" daemon [_thread_blocked, id=6836, stack(0x00000000028f0000,0x00000000029f0000)]
  0x00000000213e4800 JavaThread "SwingWorker-pool-4-thread-1" daemon [_thread_blocked, id=1212, stack(0x0000000000f60000,0x0000000001060000)]
  0x0000000016b59000 JavaThread "Thread-10" daemon [_thread_in_native, id=4736, stack(0x00000000284c0000,0x00000000285c0000)]
  0x0000000016b57800 JavaThread "Disposer" daemon [_thread_blocked, id=10192, stack(0x00000000241d0000,0x00000000242d0000)]
  0x0000000016b56800 JavaThread "Prism Font Disposer" daemon [_thread_blocked, id=10188, stack(0x00000000238d0000,0x00000000239d0000)]
  0x0000000016b54800 JavaThread "TimerQueue" daemon [_thread_blocked, id=10064, stack(0x0000000020f10000,0x0000000021010000)]
  0x0000000016b55000 JavaThread "DestroyJavaVM" [_thread_blocked, id=9520, stack(0x0000000002a50000,0x0000000002b50000)]
  0x0000000016b52800 JavaThread "Thread-5" daemon [_thread_in_native, id=9996, stack(0x00000000202f0000,0x00000000203f0000)]
=>0x0000000016b56000 JavaThread "JavaFX Application Thread" [_thread_in_native, id=9952, stack(0x000000001dd90000,0x000000001de90000)]
  0x0000000016b53800 JavaThread "Thread-4" daemon [_thread_blocked, id=9948, stack(0x000000001d680000,0x000000001d780000)]
  0x0000000016b52000 JavaThread "QuantumRenderer-0" daemon [_thread_blocked, id=9940, stack(0x000000001f3f0000,0x000000001f4f0000)]
  0x0000000017049000 JavaThread "Swing-Shell" daemon [_thread_blocked, id=9684, stack(0x000000001e170000,0x000000001e270000)]
  0x0000000016974000 JavaThread "D3D Screen Updater" daemon [_thread_blocked, id=9668, stack(0x000000001d890000,0x000000001d990000)]
  0x0000000016f87800 JavaThread "AWT-EventQueue-0" [_thread_in_native, id=9664, stack(0x000000001cf70000,0x000000001d070000)]
  0x0000000016f10800 JavaThread "Image Animator 3" daemon [_thread_blocked, id=9660, stack(0x000000001d380000,0x000000001d480000)]
  0x0000000016f00000 JavaThread "AWT-Windows" daemon [_thread_in_native, id=9608, stack(0x0000000017930000,0x0000000017a30000)]
  0x0000000016efd000 JavaThread "AWT-Shutdown" [_thread_blocked, id=9604, stack(0x0000000017830000,0x0000000017930000)]
  0x0000000016ef1000 JavaThread "Java2D Disposer" daemon [_thread_blocked, id=9600, stack(0x0000000017730000,0x0000000017830000)]
  0x0000000014e6e800 JavaThread "Service Thread" daemon [_thread_blocked, id=9580, stack(0x0000000016ca0000,0x0000000016da0000)]
  0x0000000014e1a000 JavaThread "C1 CompilerThread2" daemon [_thread_blocked, id=9576, stack(0x00000000167a0000,0x00000000168a0000)]
  0x0000000014e16800 JavaThread "C2 CompilerThread1" daemon [_thread_blocked, id=9572, stack(0x00000000166a0000,0x00000000167a0000)]
  0x0000000014e10800 JavaThread "C2 CompilerThread0" daemon [_thread_blocked, id=9568, stack(0x00000000165a0000,0x00000000166a0000)]
  0x0000000014e0c800 JavaThread "Attach Listener" daemon [_thread_blocked, id=9564, stack(0x00000000164a0000,0x00000000165a0000)]
  0x0000000014e0b800 JavaThread "Signal Dispatcher" daemon [_thread_blocked, id=9560, stack(0x00000000163a0000,0x00000000164a0000)]
  0x0000000002c4b000 JavaThread "Finalizer" daemon [_thread_blocked, id=9556, stack(0x0000000016060000,0x0000000016160000)]
  0x0000000002c42000 JavaThread "Reference Handler" daemon [_thread_blocked, id=9552, stack(0x0000000015f60000,0x0000000016060000)]

Other Threads:
  0x0000000014dd7000 VMThread [stack: 0x0000000015e60000,0x0000000015f60000] [id=9548]
  0x00000000168ec000 WatcherThread [stack: 0x0000000016da0000,0x0000000016ea0000] [id=9584]

VM state:not at safepoint (normal execution)

VM Mutex/Monitor currently owned by a thread: None

Heap:
 PSYoungGen      total 211456K, used 24262K [0x00000000eda00000, 0x00000000fd100000, 0x0000000100000000)
  eden space 197632K, 5% used [0x00000000eda00000,0x00000000ee46b848,0x00000000f9b00000)
  from space 13824K, 98% used [0x00000000fc380000,0x00000000fd0c6228,0x00000000fd100000)
  to   space 17408K, 0% used [0x00000000faf00000,0x00000000faf00000,0x00000000fc000000)
 ParOldGen       total 60416K, used 27241K [0x00000000c8e00000, 0x00000000cc900000, 0x00000000eda00000)
  object space 60416K, 45% used [0x00000000c8e00000,0x00000000ca89a7e8,0x00000000cc900000)
 Metaspace       used 38464K, capacity 39798K, committed 40192K, reserved 1083392K
  class space    used 4976K, capacity 5261K, committed 5376K, reserved 1048576K

Card table byte_map: [0x0000000012010000,0x00000000121d0000] byte_map_base: 0x00000000119c9000

Marking Bits: (ParMarkBitMap*) 0x000000005cded850
 Begin Bits: [0x0000000012700000, 0x00000000134c8000)
 End Bits:   [0x00000000134c8000, 0x0000000014290000)

Polling page: 0x0000000000d50000

CodeCache: size=245760Kb used=28218Kb max_used=28353Kb free=217541Kb
 bounds [0x0000000002c50000, 0x0000000004840000, 0x0000000011c50000]
 total_blobs=9714 nmethods=8758 adapters=864
 compilation: enabled

Compilation events (10 events):
Event: 253014.277 Thread 0x0000000014e1a000 nmethod 11100 0x000000000406d490 code [0x000000000406d6a0, 0x000000000406e5c8]
Event: 253014.277 Thread 0x0000000014e1a000 11102   !   3       javax.swing.text.AbstractDocument::fireInsertUpdate (69 bytes)
Event: 253014.279 Thread 0x0000000014e1a000 nmethod 11102 0x000000000406cb50 code [0x000000000406cce0, 0x000000000406d1e8]
Event: 253014.279 Thread 0x0000000014e1a000 11101       3       javax.swing.text.GapContent$InsertUndo::<init> (20 bytes)
Event: 253014.280 Thread 0x0000000014e1a000 nmethod 11101 0x0000000004615b10 code [0x0000000004615c80, 0x0000000004615eb0]
Event: 253014.299 Thread 0x0000000014e10800 nmethod 11086 0x0000000004487850 code [0x0000000004487e80, 0x000000000448c448]
Event: 253014.412 Thread 0x0000000014e1a000 11103       3       javax.swing.JTextField::isValidateRoot (16 bytes)
Event: 253014.414 Thread 0x0000000014e1a000 nmethod 11103 0x0000000004616a90 code [0x0000000004616c20, 0x00000000046172e8]
Event: 253014.529 Thread 0x0000000014e16800 11104       4       java.lang.Integer::<init> (10 bytes)
Event: 253014.533 Thread 0x0000000014e16800 nmethod 11104 0x0000000003c20810 code [0x0000000003c20940, 0x0000000003c20998]

GC Heap History (10 events):
Event: 250793.453 GC heap before
{Heap before GC invocations=29 (full 3):
 PSYoungGen      total 246784K, used 246272K [0x00000000eda00000, 0x00000000fef80000, 0x0000000100000000)
  eden space 246272K, 100% used [0x00000000eda00000,0x00000000fca80000,0x00000000fca80000)
  from space 512K, 0% used [0x00000000fd580000,0x00000000fd580000,0x00000000fd600000)
  to   space 16384K, 0% used [0x00000000fdf80000,0x00000000fdf80000,0x00000000fef80000)
 ParOldGen       total 60416K, used 22718K [0x00000000c8e00000, 0x00000000cc900000, 0x00000000eda00000)
  object space 60416K, 37% used [0x00000000c8e00000,0x00000000ca42faa8,0x00000000cc900000)
 Metaspace       used 38258K, capacity 39508K, committed 39936K, reserved 1083392K
  class space    used 4969K, capacity 5252K, committed 5376K, reserved 1048576K
Event: 250793.460 GC heap after
Heap after GC invocations=29 (full 3):
 PSYoungGen      total 237056K, used 1110K [0x00000000eda00000, 0x00000000fe100000, 0x0000000100000000)
  eden space 235520K, 0% used [0x00000000eda00000,0x00000000eda00000,0x00000000fc000000)
  from space 1536K, 72% used [0x00000000fdf80000,0x00000000fe095ac8,0x00000000fe100000)
  to   space 15872K, 0% used [0x00000000fc200000,0x00000000fc200000,0x00000000fd180000)
 ParOldGen       total 60416K, used 22718K [0x00000000c8e00000, 0x00000000cc900000, 0x00000000eda00000)
  object space 60416K, 37% used [0x00000000c8e00000,0x00000000ca42faa8,0x00000000cc900000)
 Metaspace       used 38258K, capacity 39508K, committed 39936K, reserved 1083392K
  class space    used 4969K, capacity 5252K, committed 5376K, reserved 1048576K
}
Event: 250970.473 GC heap before
{Heap before GC invocations=30 (full 3):
 PSYoungGen      total 237056K, used 236630K [0x00000000eda00000, 0x00000000fe100000, 0x0000000100000000)
  eden space 235520K, 100% used [0x00000000eda00000,0x00000000fc000000,0x00000000fc000000)
  from space 1536K, 72% used [0x00000000fdf80000,0x00000000fe095ac8,0x00000000fe100000)
  to   space 15872K, 0% used [0x00000000fc200000,0x00000000fc200000,0x00000000fd180000)
 ParOldGen       total 60416K, used 22718K [0x00000000c8e00000, 0x00000000cc900000, 0x00000000eda00000)
  object space 60416K, 37% used [0x00000000c8e00000,0x00000000ca42faa8,0x00000000cc900000)
 Metaspace       used 38305K, capacity 39650K, committed 39936K, reserved 1083392K
  class space    used 4972K, capacity 5257K, committed 5376K, reserved 1048576K
Event: 250970.487 GC heap after
Heap after GC invocations=30 (full 3):
 PSYoungGen      total 226816K, used 1382K [0x00000000eda00000, 0x00000000fe000000, 0x0000000100000000)
  eden space 225280K, 0% used [0x00000000eda00000,0x00000000eda00000,0x00000000fb600000)
  from space 1536K, 89% used [0x00000000fc200000,0x00000000fc359998,0x00000000fc380000)
  to   space 15360K, 0% used [0x00000000fd100000,0x00000000fd100000,0x00000000fe000000)
 ParOldGen       total 60416K, used 23404K [0x00000000c8e00000, 0x00000000cc900000, 0x00000000eda00000)
  object space 60416K, 38% used [0x00000000c8e00000,0x00000000ca4db0d0,0x00000000cc900000)
 Metaspace       used 38305K, capacity 39650K, committed 39936K, reserved 1083392K
  class space    used 4972K, capacity 5257K, committed 5376K, reserved 1048576K
}
Event: 251838.013 GC heap before
{Heap before GC invocations=31 (full 3):
 PSYoungGen      total 226816K, used 226662K [0x00000000eda00000, 0x00000000fe000000, 0x0000000100000000)
  eden space 225280K, 100% used [0x00000000eda00000,0x00000000fb600000,0x00000000fb600000)
  from space 1536K, 89% used [0x00000000fc200000,0x00000000fc359998,0x00000000fc380000)
  to   space 15360K, 0% used [0x00000000fd100000,0x00000000fd100000,0x00000000fe000000)
 ParOldGen       total 60416K, used 23404K [0x00000000c8e00000, 0x00000000cc900000, 0x00000000eda00000)
  object space 60416K, 38% used [0x00000000c8e00000,0x00000000ca4db0d0,0x00000000cc900000)
 Metaspace       used 38351K, capacity 39650K, committed 39936K, reserved 1083392K
  class space    used 4972K, capacity 5257K, committed 5376K, reserved 1048576K
Event: 251838.028 GC heap after
Heap after GC invocations=31 (full 3):
 PSYoungGen      total 216576K, used 550K [0x00000000eda00000, 0x00000000fd200000, 0x0000000100000000)
  eden space 215552K, 0% used [0x00000000eda00000,0x00000000eda00000,0x00000000fac80000)
  from space 1024K, 53% used [0x00000000fd100000,0x00000000fd1899d0,0x00000000fd200000)
  to   space 14848K, 0% used [0x00000000fb500000,0x00000000fb500000,0x00000000fc380000)
 ParOldGen       total 60416K, used 23655K [0x00000000c8e00000, 0x00000000cc900000, 0x00000000eda00000)
  object space 60416K, 39% used [0x00000000c8e00000,0x00000000ca519c98,0x00000000cc900000)
 Metaspace       used 38351K, capacity 39650K, committed 39936K, reserved 1083392K
  class space    used 4972K, capacity 5257K, committed 5376K, reserved 1048576K
}
Event: 252724.179 GC heap before
{Heap before GC invocations=32 (full 3):
 PSYoungGen      total 216576K, used 216102K [0x00000000eda00000, 0x00000000fd200000, 0x0000000100000000)
  eden space 215552K, 100% used [0x00000000eda00000,0x00000000fac80000,0x00000000fac80000)
  from space 1024K, 53% used [0x00000000fd100000,0x00000000fd1899d0,0x00000000fd200000)
  to   space 14848K, 0% used [0x00000000fb500000,0x00000000fb500000,0x00000000fc380000)
 ParOldGen       total 60416K, used 23655K [0x00000000c8e00000, 0x00000000cc900000, 0x00000000eda00000)
  object space 60416K, 39% used [0x00000000c8e00000,0x00000000ca519ed0,0x00000000cc900000)
 Metaspace       used 38358K, capacity 39658K, committed 39936K, reserved 1083392K
  class space    used 4973K, capacity 5259K, committed 5376K, reserved 1048576K
Event: 252724.186 GC heap after
Heap after GC invocations=32 (full 3):
 PSYoungGen      total 221184K, used 350K [0x00000000eda00000, 0x00000000fd180000, 0x0000000100000000)
  eden space 206336K, 0% used [0x00000000eda00000,0x00000000eda00000,0x00000000fa380000)
  from space 14848K, 2% used [0x00000000fb500000,0x00000000fb557910,0x00000000fc380000)
  to   space 14336K, 0% used [0x00000000fc380000,0x00000000fc380000,0x00000000fd180000)
 ParOldGen       total 60416K, used 23655K [0x00000000c8e00000, 0x00000000cc900000, 0x00000000eda00000)
  object space 60416K, 39% used [0x00000000c8e00000,0x00000000ca519ed0,0x00000000cc900000)
 Metaspace       used 38358K, capacity 39658K, committed 39936K, reserved 1083392K
  class space    used 4973K, capacity 5259K, committed 5376K, reserved 1048576K
}
Event: 253009.129 GC heap before
{Heap before GC invocations=33 (full 3):
 PSYoungGen      total 221184K, used 206686K [0x00000000eda00000, 0x00000000fd180000, 0x0000000100000000)
  eden space 206336K, 100% used [0x00000000eda00000,0x00000000fa380000,0x00000000fa380000)
  from space 14848K, 2% used [0x00000000fb500000,0x00000000fb557910,0x00000000fc380000)
  to   space 14336K, 0% used [0x00000000fc380000,0x00000000fc380000,0x00000000fd180000)
 ParOldGen       total 60416K, used 23658K [0x00000000c8e00000, 0x00000000cc900000, 0x00000000eda00000)
  object space 60416K, 39% used [0x00000000c8e00000,0x00000000ca51ab88,0x00000000cc900000)
 Metaspace       used 38444K, capacity 39734K, committed 39936K, reserved 1083392K
  class space    used 4976K, capacity 5261K, committed 5376K, reserved 1048576K
Event: 253009.152 GC heap after
Heap after GC invocations=33 (full 3):
 PSYoungGen      total 211456K, used 13592K [0x00000000eda00000, 0x00000000fd100000, 0x0000000100000000)
  eden space 197632K, 0% used [0x00000000eda00000,0x00000000eda00000,0x00000000f9b00000)
  from space 13824K, 98% used [0x00000000fc380000,0x00000000fd0c6228,0x00000000fd100000)
  to   space 17408K, 0% used [0x00000000faf00000,0x00000000faf00000,0x00000000fc000000)
 ParOldGen       total 60416K, used 27241K [0x00000000c8e00000, 0x00000000cc900000, 0x00000000eda00000)
  object space 60416K, 45% used [0x00000000c8e00000,0x00000000ca89a7e8,0x00000000cc900000)
 Metaspace       used 38444K, capacity 39734K, committed 39936K, reserved 1083392K
  class space    used 4976K, capacity 5261K, committed 5376K, reserved 1048576K
}

Deoptimization events (10 events):
Event: 252875.341 Thread 0x000000002179e000 Uncommon trap: reason=class_check action=maybe_recompile pc=0x0000000004616c58 method=sun.reflect.DelegatingConstructorAccessorImpl.newInstance([Ljava/lang/Object;)Ljava/lang/Object; @ 5
Event: 252875.342 Thread 0x000000002179e000 Uncommon trap: reason=class_check action=maybe_recompile pc=0x0000000004616c58 method=sun.reflect.DelegatingConstructorAccessorImpl.newInstance([Ljava/lang/Object;)Ljava/lang/Object; @ 5
Event: 252875.342 Thread 0x000000002179e000 Uncommon trap: reason=class_check action=maybe_recompile pc=0x0000000004616c58 method=sun.reflect.DelegatingConstructorAccessorImpl.newInstance([Ljava/lang/Object;)Ljava/lang/Object; @ 5
Event: 252910.714 Thread 0x0000000016b56000 Uncommon trap: reason=unstable_if action=reinterpret pc=0x0000000004330870 method=javafx.scene.Node$MiscProperties.invalidateBoundsInParent()V @ 4
Event: 252914.582 Thread 0x0000000016b56000 Uncommon trap: reason=unstable_if action=reinterpret pc=0x0000000004590a20 method=javafx.scene.Scene$MouseHandler.handleEnterExit(Ljavafx/scene/input/MouseEvent;Ljavafx/scene/Scene$TargetWrapper;)V @ 251
Event: 252932.616 Thread 0x0000000016b56000 Uncommon trap: reason=unstable_if action=reinterpret pc=0x00000000044fe42c method=com.sun.javafx.css.StyleManager$CacheContainer.getStyleMap(I)Lcom/sun/javafx/css/StyleMap; @ 22
Event: 252932.617 Thread 0x0000000016b56000 Uncommon trap: reason=unstable_if action=reinterpret pc=0x000000000305e988 method=com.sun.javafx.css.StyleManager$CacheContainer.getStyleMap(I)Lcom/sun/javafx/css/StyleMap; @ 22
Event: 252932.702 Thread 0x0000000016b56000 Uncommon trap: reason=unstable_if action=reinterpret pc=0x00000000045e658c method=com.sun.javafx.sg.prism.NGNode.setEffect(Lcom/sun/scenario/effect/Effect;)V @ 17
Event: 253003.589 Thread 0x00000000213e1000 Uncommon trap: reason=unstable_if action=reinterpret pc=0x000000000365d6e0 method=sun.net.www.http.ChunkedInputStream.readAhead(Z)I @ 32
Event: 253014.412 Thread 0x0000000016f87800 Uncommon trap: reason=unstable_if action=reinterpret pc=0x00000000041c6dd4 method=java.util.WeakHashMap.put(Ljava/lang/Object;Ljava/lang/Object;)Ljava/lang/Object; @ 72

Internal exceptions (10 events):
Event: 252799.200 Thread 0x00000000213e1800 Exception <a 'java/net/UnknownHostException': fonts.googleapis.com> (0x00000000f0632e28) thrown at [C:\re\workspace\8-2-build-windows-amd64-cygwin\jdk8u151\9699\hotspot\src\share\vm\prims\jni.cpp, line 735]
Event: 252810.756 Thread 0x00000000213e7800 Exception <a 'java/net/UnknownHostException': fonts.googleapis.com> (0x00000000f0cf9328) thrown at [C:\re\workspace\8-2-build-windows-amd64-cygwin\jdk8u151\9699\hotspot\src\share\vm\prims\jni.cpp, line 735]
Event: 252811.800 Thread 0x00000000213ec000 Implicit null exception at 0x00000000043a1f39 to 0x00000000043a24a9
Event: 252853.194 Thread 0x00000000217a4800 Exception <a 'java/net/UnknownHostException': fonts.googleapis.com> (0x00000000f25b6c10) thrown at [C:\re\workspace\8-2-build-windows-amd64-cygwin\jdk8u151\9699\hotspot\src\share\vm\prims\jni.cpp, line 735]
Event: 252925.278 Thread 0x00000000213e1000 Exception <a 'java/net/UnknownHostException': fonts.googleapis.com> (0x00000000f4e06d68) thrown at [C:\re\workspace\8-2-build-windows-amd64-cygwin\jdk8u151\9699\hotspot\src\share\vm\prims\jni.cpp, line 735]
Event: 252957.268 Thread 0x0000000016b56000 Exception <a 'java/io/FileNotFoundException'> (0x00000000f7928d98) thrown at [C:\re\workspace\8-2-build-windows-amd64-cygwin\jdk8u151\9699\hotspot\src\share\vm\prims\jni.cpp, line 709]
Event: 252957.436 Thread 0x0000000016b56000 Exception <a 'java/io/FileNotFoundException'> (0x00000000f792aa58) thrown at [C:\re\workspace\8-2-build-windows-amd64-cygwin\jdk8u151\9699\hotspot\src\share\vm\prims\jni.cpp, line 709]
Event: 253003.637 Thread 0x00000000213e7000 Exception <a 'java/net/UnknownHostException': fonts.googleapis.com> (0x00000000f9d76ba0) thrown at [C:\re\workspace\8-2-build-windows-amd64-cygwin\jdk8u151\9699\hotspot\src\share\vm\prims\jni.cpp, line 735]
Event: 253014.019 Thread 0x0000000016b56000 Exception <a 'java/io/FileNotFoundException'> (0x00000000ee1202c0) thrown at [C:\re\workspace\8-2-build-windows-amd64-cygwin\jdk8u151\9699\hotspot\src\share\vm\prims\jni.cpp, line 709]
Event: 253014.143 Thread 0x0000000016b56000 Exception <a 'java/io/FileNotFoundException'> (0x00000000ee122108) thrown at [C:\re\workspace\8-2-build-windows-amd64-cygwin\jdk8u151\9699\hotspot\src\share\vm\prims\jni.cpp, line 709]

Events (10 events):
Event: 253014.543 Executing VM operation: RevokeBias
Event: 253014.543 Executing VM operation: RevokeBias done
Event: 253014.544 Executing VM operation: RevokeBias
Event: 253014.544 Executing VM operation: RevokeBias done
Event: 253014.545 Executing VM operation: RevokeBias
Event: 253014.545 Executing VM operation: RevokeBias done
Event: 253014.545 Executing VM operation: RevokeBias
Event: 253014.546 Executing VM operation: RevokeBias done
Event: 253014.646 Executing VM operation: RevokeBias
Event: 253014.647 Executing VM operation: RevokeBias done


Dynamic libraries:
0x00007ff71ed00000 - 0x00007ff71ed37000 	d:\j8sdk\bin\java.exe
0x00007fff1d520000 - 0x00007fff1d710000 	C:\WINDOWS\SYSTEM32\ntdll.dll
0x00007fff1bd10000 - 0x00007fff1bdc2000 	C:\WINDOWS\System32\KERNEL32.DLL
0x00007fff1b250000 - 0x00007fff1b4f3000 	C:\WINDOWS\System32\KERNELBASE.dll
0x00007fff1ce30000 - 0x00007fff1ced3000 	C:\WINDOWS\System32\ADVAPI32.dll
0x00007fff1bdd0000 - 0x00007fff1be6e000 	C:\WINDOWS\System32\msvcrt.dll
0x00007fff1bfc0000 - 0x00007fff1c057000 	C:\WINDOWS\System32\sechost.dll
0x00007fff1c110000 - 0x00007fff1c230000 	C:\WINDOWS\System32\RPCRT4.dll
0x00007fff1cfa0000 - 0x00007fff1d133000 	C:\WINDOWS\System32\USER32.dll
0x00007fff1b500000 - 0x00007fff1b521000 	C:\WINDOWS\System32\win32u.dll
0x00007fff1cf70000 - 0x00007fff1cf96000 	C:\WINDOWS\System32\GDI32.dll
0x00007fff1afb0000 - 0x00007fff1b144000 	C:\WINDOWS\System32\gdi32full.dll
0x00007fff1b530000 - 0x00007fff1b5ce000 	C:\WINDOWS\System32\msvcp_win.dll
0x00007fff1ac90000 - 0x00007fff1ad8a000 	C:\WINDOWS\System32\ucrtbase.dll
0x00007fff0ca10000 - 0x00007fff0cc95000 	C:\WINDOWS\WinSxS\amd64_microsoft.windows.common-controls_6595b64144ccf1df_6.0.18362.295_none_e6c3acbd13101292\COMCTL32.dll
0x00007fff1c990000 - 0x00007fff1ccc6000 	C:\WINDOWS\System32\combase.dll
0x00007fff1af30000 - 0x00007fff1afb0000 	C:\WINDOWS\System32\bcryptPrimitives.dll
0x00007fff1d220000 - 0x00007fff1d24e000 	C:\WINDOWS\System32\IMM32.DLL
0x000000005d500000 - 0x000000005d5d2000 	d:\j8sdk\jre\bin\msvcr100.dll
0x000000005c5d0000 - 0x000000005ce6d000 	d:\j8sdk\jre\bin\server\jvm.dll
0x00007fff1bfb0000 - 0x00007fff1bfb8000 	C:\WINDOWS\System32\PSAPI.DLL
0x00007fff11d40000 - 0x00007fff11d64000 	C:\WINDOWS\SYSTEM32\WINMM.dll
0x00007fff11770000 - 0x00007fff1177a000 	C:\WINDOWS\SYSTEM32\VERSION.dll
0x00007fff08c40000 - 0x00007fff08c49000 	C:\WINDOWS\SYSTEM32\WSOCK32.dll
0x00007fff11d10000 - 0x00007fff11d3d000 	C:\WINDOWS\SYSTEM32\winmmbase.dll
0x00007fff1cee0000 - 0x00007fff1cf4f000 	C:\WINDOWS\System32\WS2_32.dll
0x00007fff1b150000 - 0x00007fff1b19a000 	C:\WINDOWS\System32\cfgmgr32.dll
0x000000005d4f0000 - 0x000000005d4ff000 	d:\j8sdk\jre\bin\verify.dll
0x000000005d4c0000 - 0x000000005d4e9000 	d:\j8sdk\jre\bin\java.dll
0x000000005d4a0000 - 0x000000005d4b6000 	d:\j8sdk\jre\bin\zip.dll
0x00007fff1c230000 - 0x00007fff1c912000 	C:\WINDOWS\System32\SHELL32.dll
0x00007fff1bc50000 - 0x00007fff1bcf9000 	C:\WINDOWS\System32\shcore.dll
0x00007fff1a4b0000 - 0x00007fff1ac2c000 	C:\WINDOWS\System32\windows.storage.dll
0x00007fff1a440000 - 0x00007fff1a45f000 	C:\WINDOWS\System32\profapi.dll
0x00007fff1a460000 - 0x00007fff1a4aa000 	C:\WINDOWS\System32\powrprof.dll
0x00007fff1a3f0000 - 0x00007fff1a400000 	C:\WINDOWS\System32\UMPDC.dll
0x00007fff1d1c0000 - 0x00007fff1d212000 	C:\WINDOWS\System32\shlwapi.dll
0x00007fff1a400000 - 0x00007fff1a411000 	C:\WINDOWS\System32\kernel.appcore.dll
0x00007fff1af10000 - 0x00007fff1af27000 	C:\WINDOWS\System32\cryptsp.dll
0x000000005d300000 - 0x000000005d498000 	D:\j8sdk\jre\bin\awt.dll
0x00007fff1d250000 - 0x00007fff1d314000 	C:\WINDOWS\System32\OLEAUT32.dll
0x00007fff18640000 - 0x00007fff186cf000 	C:\WINDOWS\SYSTEM32\apphelp.dll
0x00007fff18d60000 - 0x00007fff18d8d000 	C:\WINDOWS\system32\DWMAPI.DLL
0x00007fff18770000 - 0x00007fff18809000 	C:\WINDOWS\system32\uxtheme.dll
0x00007ffefdcc0000 - 0x00007ffefde0f000 	C:\WINDOWS\system32\opengl32.dll
0x00007fff04530000 - 0x00007fff0455c000 	C:\WINDOWS\SYSTEM32\GLU32.dll
0x00007fff19060000 - 0x00007fff19080000 	C:\WINDOWS\SYSTEM32\dxcore.dll
0x00007fff1ba40000 - 0x00007fff1bb76000 	C:\WINDOWS\System32\MSCTF.dll
0x00007fff1ccd0000 - 0x00007fff1ce26000 	C:\WINDOWS\System32\ole32.dll
0x00007ffef81c0000 - 0x00007ffef83ed000 	C:\Program Files\Acer\Acer Power Management\SysHook.dll
0x00007fff1bb80000 - 0x00007fff1bc4f000 	C:\WINDOWS\System32\COMDLG32.dll
0x00007fff0fa90000 - 0x00007fff0fa97000 	C:\WINDOWS\SYSTEM32\MSIMG32.dll
0x00007fff0da80000 - 0x00007fff0dc23000 	C:\WINDOWS\WinSxS\amd64_microsoft.windows.gdiplus_6595b64144ccf1df_1.1.18362.295_none_17ae9fa26da28c60\gdiplus.dll
0x00007fff0eb30000 - 0x00007fff0ebb9000 	C:\WINDOWS\SYSTEM32\WINSPOOL.DRV
0x00007fff0eac0000 - 0x00007fff0eb25000 	C:\WINDOWS\SYSTEM32\OLEACC.dll
0x00007fff1ad90000 - 0x00007fff1adb6000 	C:\WINDOWS\System32\bcrypt.dll
0x00007fff16a40000 - 0x00007fff16b2f000 	C:\WINDOWS\SYSTEM32\PROPSYS.dll
0x00007fff19910000 - 0x00007fff1994a000 	C:\WINDOWS\SYSTEM32\IPHLPAPI.DLL
0x00007ffef38d0000 - 0x00007ffef3a96000 	C:\WINDOWS\system32\d3d9.dll
0x00007fff0a760000 - 0x00007fff0a8f5000 	C:\WINDOWS\System32\DriverStore\FileRepository\c0319312.inf_amd64_1bd7dae294b3987b\aticfx64.dll
0x00007ffefdc80000 - 0x00007ffefdcb2000 	C:\WINDOWS\System32\DriverStore\FileRepository\c0319312.inf_amd64_1bd7dae294b3987b\atiu9p64.dll
0x00007ffeef910000 - 0x00007ffef0246000 	C:\WINDOWS\System32\DriverStore\FileRepository\c0319312.inf_amd64_1bd7dae294b3987b\atiumd64.dll
0x000000005b7a0000 - 0x000000005c5c7000 	C:\WINDOWS\System32\DriverStore\FileRepository\c0319312.inf_amd64_1bd7dae294b3987b\atiumd6a.dll
0x000000005d2b0000 - 0x000000005d2f7000 	D:\j8sdk\jre\bin\fontmanager.dll
0x000000005d290000 - 0x000000005d2aa000 	D:\j8sdk\jre\bin\net.dll
0x00007fff19c00000 - 0x00007fff19c67000 	C:\WINDOWS\system32\mswsock.dll
0x000000005d270000 - 0x000000005d281000 	D:\j8sdk\jre\bin\nio.dll
0x00007fff1c060000 - 0x00007fff1c102000 	C:\WINDOWS\System32\clbcatq.dll
0x00007fff0a9a0000 - 0x00007fff0ab4f000 	C:\WINDOWS\SYSTEM32\WindowsCodecs.dll
0x00007fff07df0000 - 0x00007fff07e2a000 	C:\WINDOWS\system32\dataexchange.dll
0x00007fff17770000 - 0x00007fff179cb000 	C:\WINDOWS\system32\d3d11.dll
0x00007fff18250000 - 0x00007fff1842b000 	C:\WINDOWS\system32\dcomp.dll
0x00007fff190f0000 - 0x00007fff191da000 	C:\WINDOWS\system32\dxgi.dll
0x00007fff18830000 - 0x00007fff18a8a000 	C:\WINDOWS\system32\twinapi.appcore.dll
0x00007fff18c70000 - 0x00007fff18c99000 	C:\WINDOWS\system32\RMCLIENT.dll
0x000000005d220000 - 0x000000005d262000 	D:\j8sdk\jre\bin\t2k.dll
0x00007fff0dc30000 - 0x00007fff0dcd9000 	C:\WINDOWS\WinSxS\amd64_microsoft.windows.common-controls_6595b64144ccf1df_5.82.18362.295_none_2a2c1a464665cf9f\comctl32.dll
0x00007fff145a0000 - 0x00007fff145b6000 	C:\WINDOWS\system32\NetworkExplorer.dll
0x00007fff039e0000 - 0x00007fff03a3e000 	C:\Windows\System32\thumbcache.dll
0x00007fff168d0000 - 0x00007fff16950000 	C:\WINDOWS\SYSTEM32\policymanager.dll
0x00007fff16840000 - 0x00007fff168ca000 	C:\WINDOWS\SYSTEM32\msvcp110_win.dll
0x00007fff155f0000 - 0x00007fff1560b000 	C:\WINDOWS\SYSTEM32\MPR.dll
0x00007fff14570000 - 0x00007fff1457b000 	C:\WINDOWS\System32\drprov.dll
0x00007fff1a190000 - 0x00007fff1a1ec000 	C:\WINDOWS\System32\WINSTA.dll
0x00007fff08670000 - 0x00007fff08685000 	C:\WINDOWS\System32\ntlanman.dll
0x00007fff08380000 - 0x00007fff0839d000 	C:\WINDOWS\System32\davclnt.dll
0x00007fff0f920000 - 0x00007fff0f92c000 	C:\WINDOWS\System32\DAVHLPR.dll
0x00007fff13600000 - 0x00007fff13617000 	C:\WINDOWS\System32\wkscli.dll
0x00007fff025e0000 - 0x00007fff025f2000 	C:\WINDOWS\SYSTEM32\cscapi.dll
0x00007fff19a20000 - 0x00007fff19a2c000 	C:\WINDOWS\System32\netutils.dll
0x00007ffefd8e0000 - 0x00007ffefd933000 	C:\Windows\System32\dlnashext.dll
0x00007ffefca50000 - 0x00007ffefcab4000 	C:\Windows\System32\PlayToDevice.dll
0x00007fff14d80000 - 0x00007fff14da0000 	C:\Windows\System32\DevDispItemProvider.dll
0x00007fff14ce0000 - 0x00007fff14d58000 	C:\WINDOWS\System32\MMDevApi.dll
0x00007fff1a1f0000 - 0x00007fff1a21a000 	C:\WINDOWS\System32\DEVOBJ.dll
0x00007ffefa3a0000 - 0x00007ffefa43b000 	C:\WINDOWS\system32\wpdshext.dll
0x00007fff04be0000 - 0x00007fff04c7e000 	C:\Windows\System32\PortableDeviceApi.dll
0x00007fff1b5d0000 - 0x00007fff1ba40000 	C:\WINDOWS\System32\SETUPAPI.dll
0x00007fff1ac30000 - 0x00007fff1ac8c000 	C:\WINDOWS\System32\WINTRUST.dll
0x00007fff1a420000 - 0x00007fff1a432000 	C:\WINDOWS\System32\MSASN1.dll
0x00007fff1adc0000 - 0x00007fff1af09000 	C:\WINDOWS\System32\CRYPT32.dll
0x00007fff01900000 - 0x00007fff01937000 	C:\Windows\System32\EhStorShell.dll
0x00007fff05210000 - 0x00007fff05235000 	C:\Windows\System32\EhStorAPI.dll
0x00007fff140e0000 - 0x00007fff140f3000 	C:\Windows\System32\WTSAPI32.dll
0x00007fff111b0000 - 0x00007fff111bd000 	C:\WINDOWS\SYSTEM32\LINKINFO.dll
0x00007fff04c80000 - 0x00007fff04d12000 	C:\Windows\System32\appresolver.dll
0x00007fff15f80000 - 0x00007fff15fdd000 	C:\Windows\System32\Bcp47Langs.dll
0x00007fff19300000 - 0x00007fff19327000 	C:\Windows\System32\SLC.dll
0x00007fff1a310000 - 0x00007fff1a335000 	C:\Windows\System32\USERENV.dll
0x00007fff192d0000 - 0x00007fff192f6000 	C:\Windows\System32\sppc.dll
0x00007fff159b0000 - 0x00007fff159bc000 	C:\WINDOWS\SYSTEM32\Secur32.dll
0x00007fff1a2e0000 - 0x00007fff1a30f000 	C:\WINDOWS\SYSTEM32\SSPICLI.DLL
0x00007fff12fd0000 - 0x00007fff12fe8000 	C:\WINDOWS\SYSTEM32\samcli.dll
0x00007fff12fa0000 - 0x00007fff12fc3000 	C:\WINDOWS\SYSTEM32\SAMLIB.dll
0x00007fff19770000 - 0x00007fff197a3000 	C:\WINDOWS\system32\rsaenh.dll
0x00007fff19dd0000 - 0x00007fff19ddc000 	C:\WINDOWS\SYSTEM32\CRYPTBASE.dll
0x00007fff1bd00000 - 0x00007fff1bd08000 	C:\WINDOWS\System32\NSI.dll
0x00007fff12e30000 - 0x00007fff12e46000 	C:\WINDOWS\SYSTEM32\dhcpcsvc6.DLL
0x00007fff13470000 - 0x00007fff1348c000 	C:\WINDOWS\SYSTEM32\dhcpcsvc.DLL
0x00007fff19950000 - 0x00007fff19a1a000 	C:\WINDOWS\SYSTEM32\DNSAPI.dll
0x000000006d080000 - 0x000000006d175000 	C:\Users\pc\AppData\Local\Temp\sqlite-3.21.0-ecadc5b4-cb65-4867-9221-19fde2967aa9-sqlitejdbc.dll
0x000000001d880000 - 0x000000001d883000 	D:\j8sdk\jre\bin\api-ms-win-core-console-l1-1-0.dll
0x000000001dee0000 - 0x000000001dee3000 	D:\j8sdk\jre\bin\api-ms-win-core-datetime-l1-1-0.dll
0x000000001ed70000 - 0x000000001ed73000 	D:\j8sdk\jre\bin\api-ms-win-core-debug-l1-1-0.dll
0x000000001f0a0000 - 0x000000001f0a3000 	D:\j8sdk\jre\bin\api-ms-win-core-errorhandling-l1-1-0.dll
0x000000001f0b0000 - 0x000000001f0b4000 	D:\j8sdk\jre\bin\api-ms-win-core-file-l1-1-0.dll
0x000000001f0c0000 - 0x000000001f0c3000 	D:\j8sdk\jre\bin\api-ms-win-core-file-l1-2-0.dll
0x000000001f0d0000 - 0x000000001f0d3000 	D:\j8sdk\jre\bin\api-ms-win-core-file-l2-1-0.dll

VM Arguments:
java_command: Launcher
java_class_path (initial): lib\json-20180130.jar;lib\sqlite-jdbc-3.21.0.jar;.\;org\*;njfbrowser\*
Launcher Type: SUN_STANDARD

Environment Variables:
JAVA_HOME=C:\Program Files\Android\Android Studio\jre\bin
PATH=C:\ProgramData\Oracle\Java\javapath;C:\WINDOWS\system32;C:\WINDOWS;C:\WINDOWS\System32\Wbem;C:\WINDOWS\System32\WindowsPowerShell\v1.0\;C:\Program Files (x86)\ATI Technologies\ATI.ACE\Core-Static;D:\j2sdk\bin;C:\Program Files (x86)\Skype\Phone\;C:\Program Files (x86)\GtkSharp\2.12\bin;C:\Program Files (x86)\Heroku\bin;C:\Program Files (x86)\git\cmd;D:\progs\;C:\WINDOWS\System32\OpenSSH\;C:\RailsInstaller\Git\cmd;C:\RailsInstaller\Ruby2.1.0\bin;C:\Users\pc\AppData\Local\Microsoft\WindowsApps;C:\Program Files\Android\Android Studio\gradle\gradle-3.2\bin;C:\Program Files\Android\Android Studio\gradle\gradle-3.2\lib;C:\Users\pc\AppData\Roaming\npm;d:\progs\gradle-4.9\bin;
USERNAME=pc
OS=Windows_NT
PROCESSOR_IDENTIFIER=AMD64 Family 22 Model 0 Stepping 1, AuthenticAMD



---------------  S Y S T E M  ---------------

OS: Windows 10.0 , 64 bit Build 18362 (10.0.18362.86)

CPU:total 4 (initial active 4) (4 cores per cpu, 1 threads per core) family 22 model 0 stepping 1, cmov, cx8, fxsr, mmx, sse, sse2, sse3, ssse3, sse4.1, sse4.2, popcnt, avx, aes, clmul, mmxext, 3dnowpref, lzcnt, sse4a, tsc, tscinvbit, tscinv, bmi1

Memory: 4k page, physical 3610888k(1428392k free), swap 5511432k(2555520k free)

vm_info: Java HotSpot(TM) 64-Bit Server VM (25.151-b12) for windows-amd64 JRE (1.8.0_151-b12), built on Sep  5 2017 19:33:46 by "java_re" with MS VC++ 10.0 (VS2010)

time: Sun Oct 06 11:52:37 2019
elapsed time: 253015 seconds (2d 22h 16m 55s)

